<?xml version="1.0" encoding="UTF-8"?>
<!-- Generated by org.testng.reporters.JUnitXMLReporter -->
<testsuite hostname="PLTW-CPS" name="Test" tests="4"
	failures="0" timestamp="1 May 2020 22:36:28 GMT" time="35.268"
	errors="0">
	<testcase name="basePageNavigation" time="0.03"
		classname="MavenPackage.ValidateTitle" />
	<testcase name="basePageNavigation" time="0.038"
		classname="MavenPackage.ValidateNavBar" />
	<testcase name="basePageNavigation" time="8.034"
		classname="MavenPackage.HomePage" />
	<testcase name="basePageNavigation" time="6.002"
		classname="MavenPackage.HomePage" />
</testsuite> <!-- Test -->
